{
  "active_model_snapshot": [
    {
      "active_flag": true,
      "basin_version_id": "basins_heihe_vbasins",
      "lifecycle_state": "active",
      "model_id": "basins_heihe_shud"
    },
    {
      "active_flag": true,
      "basin_version_id": "basins_hetianhe_vbasins",
      "lifecycle_state": "active",
      "model_id": "basins_hetianhe_shud"
    },
    {
      "active_flag": true,
      "basin_version_id": "basins_kashigeer_vbasins",
      "lifecycle_state": "active",
      "model_id": "basins_kashigeer_shud"
    },
    {
      "active_flag": true,
      "basin_version_id": "basins_keliya_vbasins",
      "lifecycle_state": "active",
      "model_id": "basins_keliya_shud"
    },
    {
      "active_flag": true,
      "basin_version_id": "basins_qhh_vbasins",
      "lifecycle_state": "active",
      "model_id": "basins_qhh_shud"
    },
    {
      "active_flag": true,
      "basin_version_id": "basins_qinyijiang_vbasins",
      "lifecycle_state": "active",
      "model_id": "basins_qinyijiang_shud"
    },
    {
      "active_flag": true,
      "basin_version_id": "basins_tailanhe_vbasins",
      "lifecycle_state": "active",
      "model_id": "basins_tailanhe_shud"
    },
    {
      "active_flag": true,
      "basin_version_id": "basins_weiganhe_vbasins",
      "lifecycle_state": "active",
      "model_id": "basins_weiganhe_shud"
    },
    {
      "active_flag": true,
      "basin_version_id": "basins_xinanjiang_upstream_vbasins",
      "lifecycle_state": "active",
      "model_id": "basins_xinanjiang_upstream_shud"
    },
    {
      "active_flag": true,
      "basin_version_id": "basins_zhaochen_bst_vbasins",
      "lifecycle_state": "active",
      "model_id": "basins_zhaochen_bst_shud"
    },
    {
      "active_flag": true,
      "basin_version_id": "basins_zhaochen_hhy_vbasins",
      "lifecycle_state": "active",
      "model_id": "basins_zhaochen_hhy_shud"
    },
    {
      "active_flag": true,
      "basin_version_id": "basins_zhaochen_mc_vbasins",
      "lifecycle_state": "active",
      "model_id": "basins_zhaochen_mc_shud"
    },
    {
      "active_flag": true,
      "basin_version_id": "basins_zhaochen_wem_vbasins",
      "lifecycle_state": "active",
      "model_id": "basins_zhaochen_wem_shud"
    },
    {
      "active_flag": true,
      "basin_version_id": "basin__evidence_cmfd_p02_synth__v1",
      "lifecycle_state": "active",
      "model_id": "dg_10d27a62b35b39cb5a6f9d10f7fff6e9"
    }
  ],
  "actual": {
    "non_evidence_active_model_instance": 13,
    "per_basin_active_station_count": {
      "basins_heihe_vbasins": 1709,
      "basins_hetianhe_vbasins": 581,
      "basins_kashigeer_vbasins": 941,
      "basins_keliya_vbasins": 32,
      "basins_qhh_vbasins": 386,
      "basins_qinyijiang_vbasins": 93,
      "basins_tailanhe_vbasins": 37,
      "basins_weiganhe_vbasins": 401,
      "basins_xinanjiang_upstream_vbasins": 50,
      "basins_zhaochen_bst_vbasins": 626,
      "basins_zhaochen_hhy_vbasins": 1420,
      "basins_zhaochen_mc_vbasins": 9,
      "basins_zhaochen_wem_vbasins": 5
    }
  },
  "checked_at_utc": "2026-07-11T14:24:12.104117+00:00",
  "expected_active_non_evidence": 13,
  "mvt_source_identity_after": "met-stations:f03703b827fc1462:basin__evidence_cmfd_p02_synth__v1:3",
  "mvt_source_identity_before": "met-stations:2bfc915b79ad9dbe:basin__evidence_cmfd_p02_synth__v1:3",
  "phase": "during-window",
  "transient_global_active_actual": 14,
  "transient_global_active_expected": 14
}
